[content] launching broad taxonomic campaign with 74 industries, 80 topics, 404134 queries
[content] campaign started: 4042 jobs across 404134 queries limit=1000000
[content] campaign job 1/4042: million-corpus-searxng-ultrabroad-recursive-001 (100 queries)
[content] query 1/100: site:linkedin.com/posts "ai agents"[content] query 2/100: site:linkedin.com/feed/update "ai agents"

[content] query 3/100: site:linkedin.com/posts "ai automation"
[content] query 10/100: site:linkedin.com/feed/update "ai b2b"
[content] query 20/100: site:linkedin.com/feed/update "ai scaling"
[content] query 30/100: site:linkedin.com/feed/update "ai orchestration"
[content] query 40/100: site:linkedin.com/feed/update "ai analytics"
[content] query 50/100: site:linkedin.com/feed/update "ai mlops"
[content] query 60/100: site:linkedin.com/feed/update "ai zero trust"
[content] query 70/100: site:linkedin.com/feed/update "ai onboarding"
[content] query 80/100: site:linkedin.com/feed/update "ai pricing"
[content] query 90/100: site:linkedin.com/feed/update "ai messaging"
[content] query 100/100: site:linkedin.com/feed/update "ai partnerships"
[content] campaign job complete: million-corpus-searxng-ultrabroad-recursive-001 stored 0 total 0/1000000
[content] campaign job 2/4042: million-corpus-searxng-ultrabroad-recursive-002 (100 queries)
[content] query 1/100: site:linkedin.com/posts "ai sales"[content] query 2/100: site:linkedin.com/feed/update "ai sales"

[content] query 3/100: site:linkedin.com/posts "ai pipeline"
[content] query 10/100: site:linkedin.com/feed/update "ai outbound"
[content] query 20/100: site:linkedin.com/feed/update "ai customer success"
[content] query 30/100: site:linkedin.com/feed/update "ai leadership"
[content] query 40/100: site:linkedin.com/feed/update "ai lessons"
[content] query 50/100: site:linkedin.com/feed/update "ai gtm"
[content] query 60/100: site:linkedin.com/feed/update "ai stack"
[content] query 70/100: site:linkedin.com/feed/update "cybersecurity b2b"
[content] query 80/100: site:linkedin.com/feed/update "cybersecurity scaling"
[content] query 90/100: site:linkedin.com/feed/update "cybersecurity orchestration"
[content] query 100/100: site:linkedin.com/feed/update "cybersecurity analytics"
[content] campaign job complete: million-corpus-searxng-ultrabroad-recursive-002 stored 0 total 0/1000000
[content] campaign job 3/4042: million-corpus-searxng-ultrabroad-recursive-003 (100 queries)
[content] query 1/100: site:linkedin.com/posts "cybersecurity data engineering"
[content] query 2/100: site:linkedin.com/feed/update "cybersecurity data engineering"
[content] query 3/100: site:linkedin.com/posts "cybersecurity platform engineering"
[content] query 10/100: site:linkedin.com/feed/update "cybersecurity mlops"
[content] query 20/100: site:linkedin.com/feed/update "cybersecurity zero trust"
[content] query 30/100: site:linkedin.com/feed/update "cybersecurity onboarding"
[content] query 40/100: site:linkedin.com/feed/update "cybersecurity pricing"
[content] query 50/100: site:linkedin.com/feed/update "cybersecurity messaging"
[content] query 60/100: site:linkedin.com/feed/update "cybersecurity partnerships"
[content] query 70/100: site:linkedin.com/feed/update "cybersecurity outbound"
[content] query 80/100: site:linkedin.com/feed/update "cybersecurity customer success"
[content] query 90/100: site:linkedin.com/feed/update "cybersecurity leadership"
[content] query 100/100: site:linkedin.com/feed/update "cybersecurity lessons"
[content] campaign job complete: million-corpus-searxng-ultrabroad-recursive-003 stored 0 total 0/1000000
[content] campaign job 4/4042: million-corpus-searxng-ultrabroad-recursive-004 (100 queries)
[content] query 1/100: site:linkedin.com/posts "cybersecurity templates"
[content] query 2/100: site:linkedin.com/feed/update "cybersecurity templates"
[content] query 3/100: site:linkedin.com/posts "cybersecurity mistakes"
[content] query 10/100: site:linkedin.com/feed/update "cybersecurity gtm"
[content] query 20/100: site:linkedin.com/feed/update "cybersecurity stack"
[content] query 30/100: site:linkedin.com/feed/update "cloud b2b"
[content] query 40/100: site:linkedin.com/feed/update "cloud scaling"
[content] query 50/100: site:linkedin.com/feed/update "cloud orchestration"
[content] query 60/100: site:linkedin.com/feed/update "cloud analytics"
[content] query 70/100: site:linkedin.com/feed/update "cloud mlops"
[content] query 80/100: site:linkedin.com/feed/update "cloud zero trust"
[content] query 90/100: site:linkedin.com/feed/update "cloud onboarding"
[content] query 100/100: site:linkedin.com/feed/update "cloud pricing"
[content] campaign job complete: million-corpus-searxng-ultrabroad-recursive-004 stored 0 total 0/1000000
[content] campaign job 5/4042: million-corpus-searxng-ultrabroad-recursive-005 (100 queries)
[content] query 1/100: site:linkedin.com/posts "cloud packaging"[content] query 2/100: site:linkedin.com/feed/update "cloud packaging"

[content] query 3/100: site:linkedin.com/posts "cloud monetization"
[content] query 10/100: site:linkedin.com/feed/update "cloud messaging"
[content] query 20/100: site:linkedin.com/feed/update "cloud partnerships"
[content] query 30/100: site:linkedin.com/feed/update "cloud outbound"
[content] query 40/100: site:linkedin.com/feed/update "cloud customer success"
[content] query 50/100: site:linkedin.com/feed/update "cloud leadership"
[content] query 60/100: site:linkedin.com/feed/update "cloud lessons"
[content] query 70/100: site:linkedin.com/feed/update "cloud gtm"
[content] query 80/100: site:linkedin.com/feed/update "cloud stack"
[content] query 90/100: site:linkedin.com/feed/update "data b2b"
[content] query 100/100: site:linkedin.com/feed/update "data scaling"
[content] campaign job complete: million-corpus-searxng-ultrabroad-recursive-005 stored 0 total 0/1000000
[content] campaign job 6/4042: million-corpus-searxng-ultrabroad-recursive-006 (100 queries)
[content] query 1/100: site:linkedin.com/posts "data copilots"[content] query 2/100: site:linkedin.com/feed/update "data copilots"

[content] query 3/100: site:linkedin.com/posts "data genai"
[content] query 10/100: site:linkedin.com/feed/update "data orchestration"
[content] query 20/100: site:linkedin.com/feed/update "data analytics"
[content] query 30/100: site:linkedin.com/feed/update "data mlops"
[content] query 40/100: site:linkedin.com/feed/update "data zero trust"
[content] query 50/100: site:linkedin.com/feed/update "data onboarding"
[content] query 60/100: site:linkedin.com/feed/update "data pricing"
[content] query 70/100: site:linkedin.com/feed/update "data messaging"
[content] query 80/100: site:linkedin.com/feed/update "data partnerships"
[content] query 90/100: site:linkedin.com/feed/update "data outbound"
[content] query 100/100: site:linkedin.com/feed/update "data customer success"
[content] campaign job complete: million-corpus-searxng-ultrabroad-recursive-006 stored 0 total 0/1000000
[content] campaign job 7/4042: million-corpus-searxng-ultrabroad-recursive-007 (100 queries)
[content] query 1/100: site:linkedin.com/posts "data procurement"[content] query 2/100: site:linkedin.com/feed/update "data procurement"

[content] query 3/100: site:linkedin.com/posts "data hiring"
[content] query 10/100: site:linkedin.com/feed/update "data leadership"
[content] query 20/100: site:linkedin.com/feed/update "data lessons"
[content] query 30/100: site:linkedin.com/feed/update "data gtm"
[content] query 40/100: site:linkedin.com/feed/update "data stack"
[content] query 50/100: site:linkedin.com/feed/update "analytics b2b"
[content] query 60/100: site:linkedin.com/feed/update "analytics scaling"
[content] query 70/100: site:linkedin.com/feed/update "analytics orchestration"
[content] query 80/100: site:linkedin.com/feed/update "analytics analytics"
[content] query 90/100: site:linkedin.com/feed/update "analytics mlops"
[content] query 100/100: site:linkedin.com/feed/update "analytics zero trust"
[content] campaign job complete: million-corpus-searxng-ultrabroad-recursive-007 stored 0 total 0/1000000
[content] campaign job 8/4042: million-corpus-searxng-ultrabroad-recursive-008 (100 queries)
[content] query 1/100: site:linkedin.com/posts "analytics product"[content] query 2/100: site:linkedin.com/feed/update "analytics product"

[content] query 3/100: site:linkedin.com/posts "analytics roadmap"
[content] query 10/100: site:linkedin.com/feed/update "analytics onboarding"
[content] query 20/100: site:linkedin.com/feed/update "analytics pricing"
[content] query 30/100: site:linkedin.com/feed/update "analytics messaging"
[content] query 40/100: site:linkedin.com/feed/update "analytics partnerships"
[content] query 50/100: site:linkedin.com/feed/update "analytics outbound"
[content] query 60/100: site:linkedin.com/feed/update "analytics customer success"
[content] query 70/100: site:linkedin.com/feed/update "analytics leadership"
[content] query 80/100: site:linkedin.com/feed/update "analytics lessons"
[content] query 90/100: site:linkedin.com/feed/update "analytics gtm"
[content] query 100/100: site:linkedin.com/feed/update "analytics stack"
[content] campaign job complete: million-corpus-searxng-ultrabroad-recursive-008 stored 0 total 0/1000000
[content] campaign job 9/4042: million-corpus-searxng-ultrabroad-recursive-009 (100 queries)
[content] query 1/100: site:linkedin.com/posts "devtools agents"
[content] query 2/100: site:linkedin.com/feed/update "devtools agents"
[content] query 3/100: site:linkedin.com/posts "devtools automation"
[content] query 10/100: site:linkedin.com/feed/update "devtools b2b"
[content] query 20/100: site:linkedin.com/feed/update "devtools scaling"
[content] query 30/100: site:linkedin.com/feed/update "devtools orchestration"
[content] query 40/100: site:linkedin.com/feed/update "devtools analytics"
[content] query 50/100: site:linkedin.com/feed/update "devtools mlops"
[content] query 60/100: site:linkedin.com/feed/update "devtools zero trust"
[content] query 70/100: site:linkedin.com/feed/update "devtools onboarding"
[content] query 80/100: site:linkedin.com/feed/update "devtools pricing"
[content] query 90/100: site:linkedin.com/feed/update "devtools messaging"
[content] query 100/100: site:linkedin.com/feed/update "devtools partnerships"
[content] campaign job complete: million-corpus-searxng-ultrabroad-recursive-009 stored 0 total 0/1000000
[content] campaign job 10/4042: million-corpus-searxng-ultrabroad-recursive-010 (100 queries)
[content] query 1/100: site:linkedin.com/posts "devtools sales"[content] query 2/100: site:linkedin.com/feed/update "devtools sales"

[content] query 3/100: site:linkedin.com/posts "devtools pipeline"
[content] query 10/100: site:linkedin.com/feed/update "devtools outbound"
[content] query 20/100: site:linkedin.com/feed/update "devtools customer success"
[content] query 30/100: site:linkedin.com/feed/update "devtools leadership"
[content] query 40/100: site:linkedin.com/feed/update "devtools lessons"
[content] query 50/100: site:linkedin.com/feed/update "devtools gtm"
[content] query 60/100: site:linkedin.com/feed/update "devtools stack"
[content] query 70/100: site:linkedin.com/feed/update "infrastructure b2b"
[content] query 80/100: site:linkedin.com/feed/update "infrastructure scaling"
[content] query 90/100: site:linkedin.com/feed/update "infrastructure orchestration"
[content] query 100/100: site:linkedin.com/feed/update "infrastructure analytics"
[content] campaign job complete: million-corpus-searxng-ultrabroad-recursive-010 stored 0 total 0/1000000
[content] campaign job 11/4042: million-corpus-searxng-ultrabroad-recursive-011 (100 queries)
[content] query 1/100: site:linkedin.com/posts "infrastructure data engineering"
[content] query 2/100: site:linkedin.com/feed/update "infrastructure data engineering"
[content] query 3/100: site:linkedin.com/posts "infrastructure platform engineering"
[content] query 10/100: site:linkedin.com/feed/update "infrastructure mlops"
[content] query 20/100: site:linkedin.com/feed/update "infrastructure zero trust"
[content] query 30/100: site:linkedin.com/feed/update "infrastructure onboarding"
[content] query 40/100: site:linkedin.com/feed/update "infrastructure pricing"
[content] query 50/100: site:linkedin.com/feed/update "infrastructure messaging"
[content] query 60/100: site:linkedin.com/feed/update "infrastructure partnerships"
[content] query 70/100: site:linkedin.com/feed/update "infrastructure outbound"
[content] query 80/100: site:linkedin.com/feed/update "infrastructure customer success"
[content] query 90/100: site:linkedin.com/feed/update "infrastructure leadership"
[content] query 100/100: site:linkedin.com/feed/update "infrastructure lessons"
[content] campaign job complete: million-corpus-searxng-ultrabroad-recursive-011 stored 0 total 0/1000000
[content] campaign job 12/4042: million-corpus-searxng-ultrabroad-recursive-012 (100 queries)
[content] query 1/100: site:linkedin.com/posts "infrastructure templates"
[content] query 2/100: site:linkedin.com/feed/update "infrastructure templates"
[content] query 3/100: site:linkedin.com/posts "infrastructure mistakes"
[content] query 10/100: site:linkedin.com/feed/update "infrastructure gtm"
[content] query 20/100: site:linkedin.com/feed/update "infrastructure stack"
[content] query 30/100: site:linkedin.com/feed/update "software b2b"
[content] query 40/100: site:linkedin.com/feed/update "software scaling"
[content] query 50/100: site:linkedin.com/feed/update "software orchestration"
[content] query 60/100: site:linkedin.com/feed/update "software analytics"
[content] query 70/100: site:linkedin.com/feed/update "software mlops"
[content] query 80/100: site:linkedin.com/feed/update "software zero trust"
[content] query 90/100: site:linkedin.com/feed/update "software onboarding"
[content] query 100/100: site:linkedin.com/feed/update "software pricing"
[content] campaign job complete: million-corpus-searxng-ultrabroad-recursive-012 stored 0 total 0/1000000
[content] campaign job 13/4042: million-corpus-searxng-ultrabroad-recursive-013 (100 queries)
[content] query 1/100: site:linkedin.com/posts "software packaging"
[content] query 2/100: site:linkedin.com/feed/update "software packaging"
[content] query 3/100: site:linkedin.com/posts "software monetization"
[content] query 10/100: site:linkedin.com/feed/update "software messaging"
[content] query 20/100: site:linkedin.com/feed/update "software partnerships"
[content] query 30/100: site:linkedin.com/feed/update "software outbound"
[content] query 40/100: site:linkedin.com/feed/update "software customer success"
[content] query 50/100: site:linkedin.com/feed/update "software leadership"
[content] query 60/100: site:linkedin.com/feed/update "software lessons"
[content] query 70/100: site:linkedin.com/feed/update "software gtm"
[content] query 80/100: site:linkedin.com/feed/update "software stack"
[content] query 90/100: site:linkedin.com/feed/update "saas b2b"
[content] query 100/100: site:linkedin.com/feed/update "saas scaling"
[content] campaign job complete: million-corpus-searxng-ultrabroad-recursive-013 stored 0 total 0/1000000
[content] campaign job 14/4042: million-corpus-searxng-ultrabroad-recursive-014 (100 queries)
[content] query 1/100: site:linkedin.com/posts "saas copilots"[content] query 2/100: site:linkedin.com/feed/update "saas copilots"

[content] query 3/100: site:linkedin.com/posts "saas genai"
[content] query 10/100: site:linkedin.com/feed/update "saas orchestration"
[content] query 20/100: site:linkedin.com/feed/update "saas analytics"
[content] query 30/100: site:linkedin.com/feed/update "saas mlops"
[content] query 40/100: site:linkedin.com/feed/update "saas zero trust"
