[content] launching broad taxonomic campaign with 74 industries, 80 topics, 12132 queries
[content] campaign started: 122 jobs across 12132 queries limit=1000000
[content] campaign job 1/122: million-corpus-searxng-ultrabroad-001 (100 queries)
[content] campaign job complete: million-corpus-searxng-ultrabroad-001 stored 283 total 283/1000000
[content] campaign job 2/122: million-corpus-searxng-ultrabroad-002 (100 queries)
[content] campaign job complete: million-corpus-searxng-ultrabroad-002 stored 2 total 285/1000000
[content] campaign job 3/122: million-corpus-searxng-ultrabroad-003 (100 queries)
[content] campaign job complete: million-corpus-searxng-ultrabroad-003 stored 82 total 367/1000000
[content] campaign job 4/122: million-corpus-searxng-ultrabroad-004 (100 queries)
[content] campaign job complete: million-corpus-searxng-ultrabroad-004 stored 43 total 410/1000000
[content] campaign job 5/122: million-corpus-searxng-ultrabroad-005 (100 queries)
[content] campaign job complete: million-corpus-searxng-ultrabroad-005 stored 0 total 410/1000000
[content] campaign job 6/122: million-corpus-searxng-ultrabroad-006 (100 queries)
[content] campaign job complete: million-corpus-searxng-ultrabroad-006 stored 0 total 410/1000000
[content] campaign job 7/122: million-corpus-searxng-ultrabroad-007 (100 queries)
[content] query 1/100: site:linkedin.com/posts devtools outbound[content] query 2/100: site:linkedin.com/posts devtools inbound

[content] query 3/100: site:linkedin.com/posts devtools lead gen
[content] query 10/100: site:linkedin.com/posts devtools management
[content] query 20/100: site:linkedin.com/posts devtools demo
[content] query 30/100: site:linkedin.com/posts infrastructure enterprise
[content] query 40/100: site:linkedin.com/posts infrastructure rag
[content] query 50/100: site:linkedin.com/posts infrastructure devops
[content] query 60/100: site:linkedin.com/posts infrastructure user research
[content] query 70/100: site:linkedin.com/posts infrastructure positioning
[content] query 80/100: site:linkedin.com/posts infrastructure enablement
[content] query 90/100: site:linkedin.com/posts infrastructure management
[content] query 100/100: site:linkedin.com/posts infrastructure demo
[content] results: 40 for site:linkedin.com/posts devtools gtm
[content] results: 40 for site:linkedin.com/posts devtools roi
[content] campaign job complete: million-corpus-searxng-ultrabroad-007 stored 80 total 490/1000000
[content] campaign job 8/122: million-corpus-searxng-ultrabroad-008 (100 queries)
[content] query 1/100: site:linkedin.com/posts infrastructure gtm
[content] query 2/100: site:linkedin.com/posts infrastructure roi
[content] query 3/100: site:linkedin.com/posts infrastructure best practices
[content] query 10/100: site:linkedin.com/posts software enterprise
[content] query 20/100: site:linkedin.com/posts software rag
[content] query 30/100: site:linkedin.com/posts software devops
[content] query 40/100: site:linkedin.com/posts software user research
[content] query 50/100: site:linkedin.com/posts software positioning
[content] query 60/100: site:linkedin.com/posts software enablement
[content] query 70/100: site:linkedin.com/posts software management
[content] query 80/100: site:linkedin.com/posts software demo
[content] query 90/100: site:linkedin.com/posts saas enterprise
[content] query 100/100: site:linkedin.com/posts saas rag
[content] campaign job complete: million-corpus-searxng-ultrabroad-008 stored 0 total 490/1000000
[content] campaign job 9/122: million-corpus-searxng-ultrabroad-009 (100 queries)
[content] query 1/100: site:linkedin.com/posts saas orchestration
[content] query 2/100: site:linkedin.com/posts saas observability
[content] query 3/100: site:linkedin.com/posts saas security
[content] query 10/100: site:linkedin.com/posts saas devops
[content] query 20/100: site:linkedin.com/posts saas user research
[content] query 30/100: site:linkedin.com/posts saas positioning
[content] query 40/100: site:linkedin.com/posts saas enablement
[content] query 50/100: site:linkedin.com/posts saas management
[content] query 60/100: site:linkedin.com/posts saas demo
[content] query 70/100: site:linkedin.com/posts open source enterprise
[content] query 80/100: site:linkedin.com/posts open source rag
[content] query 90/100: site:linkedin.com/posts open source devops
[content] query 100/100: site:linkedin.com/posts open source user research
[content] campaign job complete: million-corpus-searxng-ultrabroad-009 stored 0 total 490/1000000
[content] campaign job 10/122: million-corpus-searxng-ultrabroad-010 (100 queries)
[content] query 1/100: site:linkedin.com/posts open source onboarding
[content] query 2/100: site:linkedin.com/posts open source retention
[content] query 3/100: site:linkedin.com/posts open source churn
[content] query 10/100: site:linkedin.com/posts open source positioning
[content] query 20/100: site:linkedin.com/posts open source enablement
[content] query 30/100: site:linkedin.com/posts open source management
[content] query 40/100: site:linkedin.com/posts open source demo
[content] query 50/100: site:linkedin.com/posts mlops enterprise
[content] query 60/100: site:linkedin.com/posts mlops rag
[content] query 70/100: site:linkedin.com/posts mlops devops
[content] query 80/100: site:linkedin.com/posts mlops user research
[content] query 90/100: site:linkedin.com/posts mlops positioning
[content] query 100/100: site:linkedin.com/posts mlops enablement
[content] campaign job complete: million-corpus-searxng-ultrabroad-010 stored 0 total 490/1000000
[content] campaign job 11/122: million-corpus-searxng-ultrabroad-011 (100 queries)
[content] query 1/100: site:linkedin.com/posts mlops outbound
[content] query 2/100: site:linkedin.com/posts mlops inbound
[content] query 3/100: site:linkedin.com/posts mlops lead gen
[content] query 10/100: site:linkedin.com/posts mlops management
[content] query 20/100: site:linkedin.com/posts mlops demo
[content] query 30/100: site:linkedin.com/posts fintech enterprise
[content] query 40/100: site:linkedin.com/posts fintech rag
[content] query 50/100: site:linkedin.com/posts fintech devops
[content] query 60/100: site:linkedin.com/posts fintech user research
[content] query 70/100: site:linkedin.com/posts fintech positioning
[content] query 80/100: site:linkedin.com/posts fintech enablement
[content] query 90/100: site:linkedin.com/posts fintech management
[content] query 100/100: site:linkedin.com/posts fintech demo
[content] campaign job complete: million-corpus-searxng-ultrabroad-011 stored 0 total 490/1000000
[content] campaign job 12/122: million-corpus-searxng-ultrabroad-012 (100 queries)
[content] query 1/100: site:linkedin.com/posts fintech gtm
[content] query 2/100: site:linkedin.com/posts fintech roi
[content] query 3/100: site:linkedin.com/posts fintech best practices
[content] query 10/100: site:linkedin.com/posts banking enterprise
[content] query 20/100: site:linkedin.com/posts banking rag
[content] query 30/100: site:linkedin.com/posts banking devops
[content] query 40/100: site:linkedin.com/posts banking user research
[content] query 50/100: site:linkedin.com/posts banking positioning
[content] query 60/100: site:linkedin.com/posts banking enablement
[content] query 70/100: site:linkedin.com/posts banking management
[content] query 80/100: site:linkedin.com/posts banking demo
[content] query 90/100: site:linkedin.com/posts payments enterprise
[content] query 100/100: site:linkedin.com/posts payments rag
[content] campaign job complete: million-corpus-searxng-ultrabroad-012 stored 0 total 490/1000000
[content] campaign job 13/122: million-corpus-searxng-ultrabroad-013 (100 queries)
[content] query 1/100: site:linkedin.com/posts payments orchestration
[content] query 2/100: site:linkedin.com/posts payments observability
[content] query 3/100: site:linkedin.com/posts payments security
[content] query 10/100: site:linkedin.com/posts payments devops
[content] query 20/100: site:linkedin.com/posts payments user research
[content] query 30/100: site:linkedin.com/posts payments positioning
[content] query 40/100: site:linkedin.com/posts payments enablement
[content] query 50/100: site:linkedin.com/posts payments management
[content] query 60/100: site:linkedin.com/posts payments demo
[content] query 70/100: site:linkedin.com/posts insurtech enterprise
[content] query 80/100: site:linkedin.com/posts insurtech rag
[content] query 90/100: site:linkedin.com/posts insurtech devops
[content] query 100/100: site:linkedin.com/posts insurtech user research
[content] campaign job complete: million-corpus-searxng-ultrabroad-013 stored 0 total 490/1000000
[content] campaign job 14/122: million-corpus-searxng-ultrabroad-014 (100 queries)
[content] query 1/100: site:linkedin.com/posts insurtech onboarding
[content] query 2/100: site:linkedin.com/posts insurtech retention
[content] query 3/100: site:linkedin.com/posts insurtech churn
[content] query 10/100: site:linkedin.com/posts insurtech positioning
[content] query 20/100: site:linkedin.com/posts insurtech enablement
[content] query 30/100: site:linkedin.com/posts insurtech management
[content] query 40/100: site:linkedin.com/posts insurtech demo
[content] query 50/100: site:linkedin.com/posts wealthtech enterprise
[content] query 60/100: site:linkedin.com/posts wealthtech rag
[content] query 70/100: site:linkedin.com/posts wealthtech devops
[content] query 80/100: site:linkedin.com/posts wealthtech user research
[content] query 90/100: site:linkedin.com/posts wealthtech positioning
[content] query 100/100: site:linkedin.com/posts wealthtech enablement
[content] campaign job complete: million-corpus-searxng-ultrabroad-014 stored 0 total 490/1000000
[content] campaign job 15/122: million-corpus-searxng-ultrabroad-015 (100 queries)
[content] query 1/100: site:linkedin.com/posts wealthtech outbound[content] query 2/100: site:linkedin.com/posts wealthtech inbound

[content] query 3/100: site:linkedin.com/posts wealthtech lead gen
[content] query 10/100: site:linkedin.com/posts wealthtech management
[content] query 20/100: site:linkedin.com/posts wealthtech demo
[content] query 30/100: site:linkedin.com/posts healthcare enterprise
[content] query 40/100: site:linkedin.com/posts healthcare rag
[content] query 50/100: site:linkedin.com/posts healthcare devops
[content] query 60/100: site:linkedin.com/posts healthcare user research
[content] query 70/100: site:linkedin.com/posts healthcare positioning
[content] query 80/100: site:linkedin.com/posts healthcare enablement
[content] query 90/100: site:linkedin.com/posts healthcare management
[content] query 100/100: site:linkedin.com/posts healthcare demo
[content] campaign job complete: million-corpus-searxng-ultrabroad-015 stored 0 total 490/1000000
[content] campaign job 16/122: million-corpus-searxng-ultrabroad-016 (100 queries)
[content] query 1/100: site:linkedin.com/posts healthcare gtm
[content] query 2/100: site:linkedin.com/posts healthcare roi
[content] query 3/100: site:linkedin.com/posts healthcare best practices
[content] query 10/100: site:linkedin.com/posts biotech enterprise
[content] query 20/100: site:linkedin.com/posts biotech rag
[content] query 30/100: site:linkedin.com/posts biotech devops
[content] query 40/100: site:linkedin.com/posts biotech user research
[content] query 50/100: site:linkedin.com/posts biotech positioning
[content] query 60/100: site:linkedin.com/posts biotech enablement
[content] query 70/100: site:linkedin.com/posts biotech management
[content] query 80/100: site:linkedin.com/posts biotech demo
[content] query 90/100: site:linkedin.com/posts pharma enterprise
[content] query 100/100: site:linkedin.com/posts pharma rag
[content] campaign job complete: million-corpus-searxng-ultrabroad-016 stored 0 total 490/1000000
[content] campaign job 17/122: million-corpus-searxng-ultrabroad-017 (100 queries)
[content] query 1/100: site:linkedin.com/posts pharma orchestration
[content] query 2/100: site:linkedin.com/posts pharma observability
[content] query 3/100: site:linkedin.com/posts pharma security
[content] query 10/100: site:linkedin.com/posts pharma devops
[content] query 20/100: site:linkedin.com/posts pharma user research
[content] query 30/100: site:linkedin.com/posts pharma positioning
[content] query 40/100: site:linkedin.com/posts pharma enablement
[content] query 50/100: site:linkedin.com/posts pharma management
[content] query 60/100: site:linkedin.com/posts pharma demo
[content] query 70/100: site:linkedin.com/posts medtech enterprise
[content] query 80/100: site:linkedin.com/posts medtech rag
[content] query 90/100: site:linkedin.com/posts medtech devops
[content] query 100/100: site:linkedin.com/posts medtech user research
[content] campaign job complete: million-corpus-searxng-ultrabroad-017 stored 0 total 490/1000000
[content] campaign job 18/122: million-corpus-searxng-ultrabroad-018 (100 queries)
[content] query 1/100: site:linkedin.com/posts medtech onboarding[content] query 2/100: site:linkedin.com/posts medtech retention

[content] query 3/100: site:linkedin.com/posts medtech churn
[content] query 10/100: site:linkedin.com/posts medtech positioning
[content] query 20/100: site:linkedin.com/posts medtech enablement
[content] query 30/100: site:linkedin.com/posts medtech management
[content] query 40/100: site:linkedin.com/posts medtech demo
[content] query 50/100: site:linkedin.com/posts life sciences enterprise
[content] query 60/100: site:linkedin.com/posts life sciences rag
[content] query 70/100: site:linkedin.com/posts life sciences devops
[content] query 80/100: site:linkedin.com/posts life sciences user research
[content] query 90/100: site:linkedin.com/posts life sciences positioning
[content] query 100/100: site:linkedin.com/posts life sciences enablement
[content] campaign job complete: million-corpus-searxng-ultrabroad-018 stored 0 total 490/1000000
[content] campaign job 19/122: million-corpus-searxng-ultrabroad-019 (100 queries)
[content] query 1/100: site:linkedin.com/posts life sciences outbound
[content] query 2/100: site:linkedin.com/posts life sciences inbound
[content] query 3/100: site:linkedin.com/posts life sciences lead gen
[content] query 10/100: site:linkedin.com/posts life sciences management
[content] query 20/100: site:linkedin.com/posts life sciences demo
[content] query 30/100: site:linkedin.com/posts sales enterprise
[content] query 40/100: site:linkedin.com/posts sales rag
[content] query 50/100: site:linkedin.com/posts sales devops
[content] query 60/100: site:linkedin.com/posts sales user research
[content] query 70/100: site:linkedin.com/posts sales positioning
[content] query 80/100: site:linkedin.com/posts sales enablement
[content] query 90/100: site:linkedin.com/posts sales management
[content] query 100/100: site:linkedin.com/posts sales demo
[content] campaign job complete: million-corpus-searxng-ultrabroad-019 stored 0 total 490/1000000
[content] campaign job 20/122: million-corpus-searxng-ultrabroad-020 (100 queries)
[content] query 1/100: site:linkedin.com/posts sales gtm[content] query 2/100: site:linkedin.com/posts sales roi

[content] query 3/100: site:linkedin.com/posts sales best practices
[content] query 10/100: site:linkedin.com/posts marketing enterprise
[content] query 20/100: site:linkedin.com/posts marketing rag
[content] query 30/100: site:linkedin.com/posts marketing devops
[content] query 40/100: site:linkedin.com/posts marketing user research
[content] query 50/100: site:linkedin.com/posts marketing positioning
[content] query 60/100: site:linkedin.com/posts marketing enablement
[content] query 70/100: site:linkedin.com/posts marketing management
[content] query 80/100: site:linkedin.com/posts marketing demo
[content] query 90/100: site:linkedin.com/posts martech enterprise
[content] query 100/100: site:linkedin.com/posts martech rag
[content] campaign job complete: million-corpus-searxng-ultrabroad-020 stored 0 total 490/1000000
[content] campaign job 21/122: million-corpus-searxng-ultrabroad-021 (100 queries)
[content] query 1/100: site:linkedin.com/posts martech orchestration
[content] query 2/100: site:linkedin.com/posts martech observability
[content] query 3/100: site:linkedin.com/posts martech security
[content] query 10/100: site:linkedin.com/posts martech devops
[content] query 20/100: site:linkedin.com/posts martech user research
[content] query 30/100: site:linkedin.com/posts martech positioning
[content] query 40/100: site:linkedin.com/posts martech enablement
[content] query 50/100: site:linkedin.com/posts martech management
[content] query 60/100: site:linkedin.com/posts martech demo
[content] query 70/100: site:linkedin.com/posts adtech enterprise
[content] query 80/100: site:linkedin.com/posts adtech rag
[content] query 90/100: site:linkedin.com/posts adtech devops
[content] query 100/100: site:linkedin.com/posts adtech user research
[content] campaign job complete: million-corpus-searxng-ultrabroad-021 stored 0 total 490/1000000
[content] campaign job 22/122: million-corpus-searxng-ultrabroad-022 (100 queries)
[content] query 1/100: site:linkedin.com/posts adtech onboarding
[content] query 2/100: site:linkedin.com/posts adtech retention
[content] query 3/100: site:linkedin.com/posts adtech churn
[content] query 10/100: site:linkedin.com/posts adtech positioning
[content] query 20/100: site:linkedin.com/posts adtech enablement
[content] query 30/100: site:linkedin.com/posts adtech management
[content] query 40/100: site:linkedin.com/posts adtech demo
[content] query 50/100: site:linkedin.com/posts revops enterprise
[content] query 60/100: site:linkedin.com/posts revops rag
[content] query 70/100: site:linkedin.com/posts revops devops
[content] query 80/100: site:linkedin.com/posts revops user research
[content] query 90/100: site:linkedin.com/posts revops positioning
[content] query 100/100: site:linkedin.com/posts revops enablement
[content] campaign job complete: million-corpus-searxng-ultrabroad-022 stored 0 total 490/1000000
[content] campaign job 23/122: million-corpus-searxng-ultrabroad-023 (100 queries)
[content] query 1/100: site:linkedin.com/posts revops outbound[content] query 2/100: site:linkedin.com/posts revops inbound

[content] query 3/100: site:linkedin.com/posts revops lead gen
[content] query 10/100: site:linkedin.com/posts revops management
[content] query 20/100: site:linkedin.com/posts revops demo
[content] query 30/100: site:linkedin.com/posts customer success enterprise
[content] query 40/100: site:linkedin.com/posts customer success rag
[content] query 50/100: site:linkedin.com/posts customer success devops
[content] query 60/100: site:linkedin.com/posts customer success user research
[content] query 70/100: site:linkedin.com/posts customer success positioning
[content] query 80/100: site:linkedin.com/posts customer success enablement
[content] query 90/100: site:linkedin.com/posts customer success management
[content] query 100/100: site:linkedin.com/posts customer success demo
[content] campaign job complete: million-corpus-searxng-ultrabroad-023 stored 0 total 490/1000000
[content] campaign job 24/122: million-corpus-searxng-ultrabroad-024 (100 queries)
[content] query 1/100: site:linkedin.com/posts customer success gtm
[content] query 2/100: site:linkedin.com/posts customer success roi
[content] query 3/100: site:linkedin.com/posts customer success best practices
[content] query 10/100: site:linkedin.com/posts recruiting enterprise
[content] query 20/100: site:linkedin.com/posts recruiting rag
[content] query 30/100: site:linkedin.com/posts recruiting devops
[content] query 40/100: site:linkedin.com/posts recruiting user research
[content] query 50/100: site:linkedin.com/posts recruiting positioning
[content] query 60/100: site:linkedin.com/posts recruiting enablement
[content] query 70/100: site:linkedin.com/posts recruiting management
[content] query 80/100: site:linkedin.com/posts recruiting demo
[content] query 90/100: site:linkedin.com/posts staffing enterprise
[content] query 100/100: site:linkedin.com/posts staffing rag
[content] campaign job complete: million-corpus-searxng-ultrabroad-024 stored 0 total 490/1000000
[content] campaign job 25/122: million-corpus-searxng-ultrabroad-025 (100 queries)
[content] query 1/100: site:linkedin.com/posts staffing orchestration
[content] query 2/100: site:linkedin.com/posts staffing observability
[content] query 3/100: site:linkedin.com/posts staffing security
[content] query 10/100: site:linkedin.com/posts staffing devops
[content] query 20/100: site:linkedin.com/posts staffing user research
[content] query 30/100: site:linkedin.com/posts staffing positioning
[content] query 40/100: site:linkedin.com/posts staffing enablement
[content] query 50/100: site:linkedin.com/posts staffing management
[content] query 60/100: site:linkedin.com/posts staffing demo
[content] query 70/100: site:linkedin.com/posts hrtech enterprise
[content] query 80/100: site:linkedin.com/posts hrtech rag
[content] query 90/100: site:linkedin.com/posts hrtech devops
[content] query 100/100: site:linkedin.com/posts hrtech user research
[content] campaign job complete: million-corpus-searxng-ultrabroad-025 stored 0 total 490/1000000
[content] campaign job 26/122: million-corpus-searxng-ultrabroad-026 (100 queries)
[content] query 1/100: site:linkedin.com/posts hrtech onboarding
[content] query 2/100: site:linkedin.com/posts hrtech retention
[content] query 3/100: site:linkedin.com/posts hrtech churn
[content] query 10/100: site:linkedin.com/posts hrtech positioning
[content] query 20/100: site:linkedin.com/posts hrtech enablement
[content] query 30/100: site:linkedin.com/posts hrtech management
[content] query 40/100: site:linkedin.com/posts hrtech demo
[content] query 50/100: site:linkedin.com/posts ecommerce enterprise
[content] query 60/100: site:linkedin.com/posts ecommerce rag
[content] query 70/100: site:linkedin.com/posts ecommerce devops
[content] query 80/100: site:linkedin.com/posts ecommerce user research
[content] query 90/100: site:linkedin.com/posts ecommerce positioning
[content] query 100/100: site:linkedin.com/posts ecommerce enablement
[content] campaign job complete: million-corpus-searxng-ultrabroad-026 stored 0 total 490/1000000
[content] campaign job 27/122: million-corpus-searxng-ultrabroad-027 (100 queries)
[content] query 1/100: site:linkedin.com/posts ecommerce outbound
[content] query 2/100: site:linkedin.com/posts ecommerce inbound
[content] query 3/100: site:linkedin.com/posts ecommerce lead gen
[content] query 10/100: site:linkedin.com/posts ecommerce management
[content] query 20/100: site:linkedin.com/posts ecommerce demo
[content] query 30/100: site:linkedin.com/posts retail enterprise
[content] query 40/100: site:linkedin.com/posts retail rag
[content] query 50/100: site:linkedin.com/posts retail devops
[content] query 60/100: site:linkedin.com/posts retail user research
[content] query 70/100: site:linkedin.com/posts retail positioning
[content] query 80/100: site:linkedin.com/posts retail enablement
[content] query 90/100: site:linkedin.com/posts retail management
[content] query 100/100: site:linkedin.com/posts retail demo
[content] campaign job complete: million-corpus-searxng-ultrabroad-027 stored 0 total 490/1000000
[content] campaign job 28/122: million-corpus-searxng-ultrabroad-028 (100 queries)
[content] query 1/100: site:linkedin.com/posts retail gtm
[content] query 2/100: site:linkedin.com/posts retail roi
[content] query 3/100: site:linkedin.com/posts retail best practices
[content] query 10/100: site:linkedin.com/posts logistics enterprise
[content] query 20/100: site:linkedin.com/posts logistics rag
[content] query 30/100: site:linkedin.com/posts logistics devops
[content] query 40/100: site:linkedin.com/posts logistics user research
[content] query 50/100: site:linkedin.com/posts logistics positioning
[content] query 60/100: site:linkedin.com/posts logistics enablement
[content] query 70/100: site:linkedin.com/posts logistics management
[content] query 80/100: site:linkedin.com/posts logistics demo
[content] query 90/100: site:linkedin.com/posts supply chain enterprise
[content] query 100/100: site:linkedin.com/posts supply chain rag
[content] results: 10 for site:linkedin.com/posts logistics observability
[content] campaign job complete: million-corpus-searxng-ultrabroad-028 stored 10 total 500/1000000
[content] campaign job 29/122: million-corpus-searxng-ultrabroad-029 (100 queries)
[content] query 1/100: site:linkedin.com/posts supply chain orchestration
[content] query 2/100: site:linkedin.com/posts supply chain observability
[content] query 3/100: site:linkedin.com/posts supply chain security
[content] query 10/100: site:linkedin.com/posts supply chain devops
[content] query 20/100: site:linkedin.com/posts supply chain user research
[content] query 30/100: site:linkedin.com/posts supply chain positioning
[content] query 40/100: site:linkedin.com/posts supply chain enablement
[content] query 50/100: site:linkedin.com/posts supply chain management
[content] query 60/100: site:linkedin.com/posts supply chain demo
[content] query 70/100: site:linkedin.com/posts manufacturing enterprise
[content] query 80/100: site:linkedin.com/posts manufacturing rag
[content] query 90/100: site:linkedin.com/posts manufacturing devops
[content] query 100/100: site:linkedin.com/posts manufacturing user research
[content] campaign job complete: million-corpus-searxng-ultrabroad-029 stored 0 total 500/1000000
[content] campaign job 30/122: million-corpus-searxng-ultrabroad-030 (100 queries)
[content] query 1/100: site:linkedin.com/posts manufacturing onboarding
[content] query 2/100: site:linkedin.com/posts manufacturing retention
[content] query 3/100: site:linkedin.com/posts manufacturing churn
[content] query 10/100: site:linkedin.com/posts manufacturing positioning
[content] query 20/100: site:linkedin.com/posts manufacturing enablement
[content] query 30/100: site:linkedin.com/posts manufacturing management
[content] query 40/100: site:linkedin.com/posts manufacturing demo
[content] query 50/100: site:linkedin.com/posts industrials enterprise
[content] query 60/100: site:linkedin.com/posts industrials rag
[content] query 70/100: site:linkedin.com/posts industrials devops
[content] query 80/100: site:linkedin.com/posts industrials user research
[content] query 90/100: site:linkedin.com/posts industrials positioning
[content] query 100/100: site:linkedin.com/posts industrials enablement
[content] campaign job complete: million-corpus-searxng-ultrabroad-030 stored 0 total 500/1000000
[content] campaign job 31/122: million-corpus-searxng-ultrabroad-031 (100 queries)
[content] query 1/100: site:linkedin.com/posts industrials outbound[content] query 2/100: site:linkedin.com/posts industrials inbound

[content] query 3/100: site:linkedin.com/posts industrials lead gen
[content] query 10/100: site:linkedin.com/posts industrials management
[content] query 20/100: site:linkedin.com/posts industrials demo
[content] query 30/100: site:linkedin.com/posts construction enterprise
[content] query 40/100: site:linkedin.com/posts construction rag
[content] query 50/100: site:linkedin.com/posts construction devops
[content] query 60/100: site:linkedin.com/posts construction user research
[content] query 70/100: site:linkedin.com/posts construction positioning
[content] query 80/100: site:linkedin.com/posts construction enablement
[content] query 90/100: site:linkedin.com/posts construction management
[content] query 100/100: site:linkedin.com/posts construction demo
[content] campaign job complete: million-corpus-searxng-ultrabroad-031 stored 0 total 500/1000000
[content] campaign job 32/122: million-corpus-searxng-ultrabroad-032 (100 queries)
[content] query 1/100: site:linkedin.com/posts construction gtm
[content] query 2/100: site:linkedin.com/posts construction roi
[content] query 3/100: site:linkedin.com/posts construction best practices
[content] query 10/100: site:linkedin.com/posts real estate enterprise
[content] query 20/100: site:linkedin.com/posts real estate rag
[content] query 30/100: site:linkedin.com/posts real estate devops
[content] query 40/100: site:linkedin.com/posts real estate user research
[content] query 50/100: site:linkedin.com/posts real estate positioning
[content] query 60/100: site:linkedin.com/posts real estate enablement
[content] query 70/100: site:linkedin.com/posts real estate management
[content] query 80/100: site:linkedin.com/posts real estate demo
[content] query 90/100: site:linkedin.com/posts proptech enterprise
[content] query 100/100: site:linkedin.com/posts proptech rag
[content] campaign job complete: million-corpus-searxng-ultrabroad-032 stored 0 total 500/1000000
[content] campaign job 33/122: million-corpus-searxng-ultrabroad-033 (100 queries)
[content] query 1/100: site:linkedin.com/posts proptech orchestration[content] query 2/100: site:linkedin.com/posts proptech observability

[content] query 3/100: site:linkedin.com/posts proptech security
[content] query 10/100: site:linkedin.com/posts proptech devops
[content] query 20/100: site:linkedin.com/posts proptech user research
[content] query 30/100: site:linkedin.com/posts proptech positioning
[content] query 40/100: site:linkedin.com/posts proptech enablement
[content] query 50/100: site:linkedin.com/posts proptech management
[content] query 60/100: site:linkedin.com/posts proptech demo
[content] query 70/100: site:linkedin.com/posts legaltech enterprise
[content] query 80/100: site:linkedin.com/posts legaltech rag
[content] query 90/100: site:linkedin.com/posts legaltech devops
[content] query 100/100: site:linkedin.com/posts legaltech user research
[content] campaign job complete: million-corpus-searxng-ultrabroad-033 stored 0 total 500/1000000
[content] campaign job 34/122: million-corpus-searxng-ultrabroad-034 (100 queries)
[content] query 1/100: site:linkedin.com/posts legaltech onboarding[content] query 2/100: site:linkedin.com/posts legaltech retention

[content] query 3/100: site:linkedin.com/posts legaltech churn
[content] query 10/100: site:linkedin.com/posts legaltech positioning
[content] query 20/100: site:linkedin.com/posts legaltech enablement
[content] query 30/100: site:linkedin.com/posts legaltech management
[content] query 40/100: site:linkedin.com/posts legaltech demo
[content] query 50/100: site:linkedin.com/posts consulting enterprise
[content] query 60/100: site:linkedin.com/posts consulting rag
[content] query 70/100: site:linkedin.com/posts consulting devops
[content] query 80/100: site:linkedin.com/posts consulting user research
[content] query 90/100: site:linkedin.com/posts consulting positioning
[content] query 100/100: site:linkedin.com/posts consulting enablement
[content] campaign job complete: million-corpus-searxng-ultrabroad-034 stored 0 total 500/1000000
[content] campaign job 35/122: million-corpus-searxng-ultrabroad-035 (100 queries)
[content] query 1/100: site:linkedin.com/posts consulting outbound
[content] query 2/100: site:linkedin.com/posts consulting inbound
[content] query 3/100: site:linkedin.com/posts consulting lead gen
[content] query 10/100: site:linkedin.com/posts consulting management
[content] query 20/100: site:linkedin.com/posts consulting demo
[content] query 30/100: site:linkedin.com/posts accounting enterprise
[content] query 40/100: site:linkedin.com/posts accounting rag
[content] query 50/100: site:linkedin.com/posts accounting devops
[content] query 60/100: site:linkedin.com/posts accounting user research
[content] query 70/100: site:linkedin.com/posts accounting positioning
[content] query 80/100: site:linkedin.com/posts accounting enablement
[content] query 90/100: site:linkedin.com/posts accounting management
[content] query 100/100: site:linkedin.com/posts accounting demo
[content] campaign job complete: million-corpus-searxng-ultrabroad-035 stored 0 total 500/1000000
[content] campaign job 36/122: million-corpus-searxng-ultrabroad-036 (100 queries)
[content] query 1/100: site:linkedin.com/posts accounting gtm[content] query 2/100: site:linkedin.com/posts accounting roi

[content] query 3/100: site:linkedin.com/posts accounting best practices
[content] query 10/100: site:linkedin.com/posts telecom enterprise
[content] query 20/100: site:linkedin.com/posts telecom rag
[content] query 30/100: site:linkedin.com/posts telecom devops
[content] query 40/100: site:linkedin.com/posts telecom user research
[content] query 50/100: site:linkedin.com/posts telecom positioning
[content] query 60/100: site:linkedin.com/posts telecom enablement
[content] query 70/100: site:linkedin.com/posts telecom management
[content] query 80/100: site:linkedin.com/posts telecom demo
[content] query 90/100: site:linkedin.com/posts media enterprise
[content] query 100/100: site:linkedin.com/posts media rag
[content] campaign job complete: million-corpus-searxng-ultrabroad-036 stored 0 total 500/1000000
[content] campaign job 37/122: million-corpus-searxng-ultrabroad-037 (100 queries)
[content] query 1/100: site:linkedin.com/posts media orchestration
[content] query 2/100: site:linkedin.com/posts media observability
[content] query 3/100: site:linkedin.com/posts media security
[content] query 10/100: site:linkedin.com/posts media devops
[content] query 20/100: site:linkedin.com/posts media user research
[content] query 30/100: site:linkedin.com/posts media positioning
[content] query 40/100: site:linkedin.com/posts media enablement
[content] query 50/100: site:linkedin.com/posts media management
[content] query 60/100: site:linkedin.com/posts media demo
[content] query 70/100: site:linkedin.com/posts entertainment enterprise
[content] query 80/100: site:linkedin.com/posts entertainment rag
[content] query 90/100: site:linkedin.com/posts entertainment devops
[content] query 100/100: site:linkedin.com/posts entertainment user research
[content] results: 9 for site:linkedin.com/posts media demo
[content] campaign job complete: million-corpus-searxng-ultrabroad-037 stored 9 total 509/1000000
[content] campaign job 38/122: million-corpus-searxng-ultrabroad-038 (100 queries)
[content] query 1/100: site:linkedin.com/posts entertainment onboarding
[content] query 2/100: site:linkedin.com/posts entertainment retention
[content] query 3/100: site:linkedin.com/posts entertainment churn
[content] query 10/100: site:linkedin.com/posts entertainment positioning
[content] query 20/100: site:linkedin.com/posts entertainment enablement
[content] query 30/100: site:linkedin.com/posts entertainment management
[content] query 40/100: site:linkedin.com/posts entertainment demo
[content] query 50/100: site:linkedin.com/posts gaming enterprise
[content] query 60/100: site:linkedin.com/posts gaming rag
[content] query 70/100: site:linkedin.com/posts gaming devops
[content] query 80/100: site:linkedin.com/posts gaming user research
[content] query 90/100: site:linkedin.com/posts gaming positioning
[content] query 100/100: site:linkedin.com/posts gaming enablement
[content] campaign job complete: million-corpus-searxng-ultrabroad-038 stored 0 total 509/1000000
[content] campaign job 39/122: million-corpus-searxng-ultrabroad-039 (100 queries)
[content] query 1/100: site:linkedin.com/posts gaming outbound
[content] query 2/100: site:linkedin.com/posts gaming inbound
[content] query 3/100: site:linkedin.com/posts gaming lead gen
[content] query 10/100: site:linkedin.com/posts gaming management
[content] query 20/100: site:linkedin.com/posts gaming demo
[content] query 30/100: site:linkedin.com/posts travel enterprise
[content] query 40/100: site:linkedin.com/posts travel rag
[content] query 50/100: site:linkedin.com/posts travel devops
[content] query 60/100: site:linkedin.com/posts travel user research
[content] query 70/100: site:linkedin.com/posts travel positioning
[content] query 80/100: site:linkedin.com/posts travel enablement
[content] query 90/100: site:linkedin.com/posts travel management
[content] query 100/100: site:linkedin.com/posts travel demo
[content] campaign job complete: million-corpus-searxng-ultrabroad-039 stored 0 total 509/1000000
[content] campaign job 40/122: million-corpus-searxng-ultrabroad-040 (100 queries)
[content] query 1/100: site:linkedin.com/posts travel gtm
[content] query 2/100: site:linkedin.com/posts travel roi
[content] query 3/100: site:linkedin.com/posts travel best practices
[content] query 10/100: site:linkedin.com/posts hospitality enterprise
[content] query 20/100: site:linkedin.com/posts hospitality rag
[content] query 30/100: site:linkedin.com/posts hospitality devops
[content] query 40/100: site:linkedin.com/posts hospitality user research
[content] query 50/100: site:linkedin.com/posts hospitality positioning
[content] query 60/100: site:linkedin.com/posts hospitality enablement
[content] query 70/100: site:linkedin.com/posts hospitality management
[content] query 80/100: site:linkedin.com/posts hospitality demo
[content] query 90/100: site:linkedin.com/posts foodtech enterprise
[content] query 100/100: site:linkedin.com/posts foodtech rag
[content] campaign job complete: million-corpus-searxng-ultrabroad-040 stored 0 total 509/1000000
[content] campaign job 41/122: million-corpus-searxng-ultrabroad-041 (100 queries)
[content] query 1/100: site:linkedin.com/posts foodtech orchestration
[content] query 2/100: site:linkedin.com/posts foodtech observability
[content] query 3/100: site:linkedin.com/posts foodtech security
[content] query 10/100: site:linkedin.com/posts foodtech devops
[content] query 20/100: site:linkedin.com/posts foodtech user research
[content] query 30/100: site:linkedin.com/posts foodtech positioning
[content] query 40/100: site:linkedin.com/posts foodtech enablement
[content] query 50/100: site:linkedin.com/posts foodtech management
[content] query 60/100: site:linkedin.com/posts foodtech demo
[content] query 70/100: site:linkedin.com/posts restaurants enterprise
[content] query 80/100: site:linkedin.com/posts restaurants rag
[content] query 90/100: site:linkedin.com/posts restaurants devops
[content] query 100/100: site:linkedin.com/posts restaurants user research
[content] campaign job complete: million-corpus-searxng-ultrabroad-041 stored 0 total 509/1000000
[content] campaign job 42/122: million-corpus-searxng-ultrabroad-042 (100 queries)
[content] query 1/100: site:linkedin.com/posts restaurants onboarding
[content] query 2/100: site:linkedin.com/posts restaurants retention
[content] query 3/100: site:linkedin.com/posts restaurants churn
[content] query 10/100: site:linkedin.com/posts restaurants positioning
[content] query 20/100: site:linkedin.com/posts restaurants enablement
[content] query 30/100: site:linkedin.com/posts restaurants management
[content] query 40/100: site:linkedin.com/posts restaurants demo
[content] query 50/100: site:linkedin.com/posts energy enterprise
[content] query 60/100: site:linkedin.com/posts energy rag
[content] query 70/100: site:linkedin.com/posts energy devops
[content] query 80/100: site:linkedin.com/posts energy user research
[content] query 90/100: site:linkedin.com/posts energy positioning
[content] query 100/100: site:linkedin.com/posts energy enablement
[content] campaign job complete: million-corpus-searxng-ultrabroad-042 stored 0 total 509/1000000
[content] campaign job 43/122: million-corpus-searxng-ultrabroad-043 (100 queries)
[content] query 1/100: site:linkedin.com/posts energy outbound
[content] query 2/100: site:linkedin.com/posts energy inbound
[content] query 3/100: site:linkedin.com/posts energy lead gen
[content] query 10/100: site:linkedin.com/posts energy management
[content] query 20/100: site:linkedin.com/posts energy demo
[content] query 30/100: site:linkedin.com/posts climate enterprise
[content] query 40/100: site:linkedin.com/posts climate rag
[content] query 50/100: site:linkedin.com/posts climate devops
[content] query 60/100: site:linkedin.com/posts climate user research
[content] query 70/100: site:linkedin.com/posts climate positioning
[content] query 80/100: site:linkedin.com/posts climate enablement
[content] query 90/100: site:linkedin.com/posts climate management
[content] query 100/100: site:linkedin.com/posts climate demo
[content] campaign job complete: million-corpus-searxng-ultrabroad-043 stored 0 total 509/1000000
[content] campaign job 44/122: million-corpus-searxng-ultrabroad-044 (100 queries)
[content] query 1/100: site:linkedin.com/posts climate gtm
[content] query 2/100: site:linkedin.com/posts climate roi
[content] query 3/100: site:linkedin.com/posts climate best practices
[content] query 10/100: site:linkedin.com/posts cleantech enterprise
[content] query 20/100: site:linkedin.com/posts cleantech rag
[content] query 30/100: site:linkedin.com/posts cleantech devops
[content] query 40/100: site:linkedin.com/posts cleantech user research
[content] query 50/100: site:linkedin.com/posts cleantech positioning
[content] query 60/100: site:linkedin.com/posts cleantech enablement
[content] query 70/100: site:linkedin.com/posts cleantech management
[content] query 80/100: site:linkedin.com/posts cleantech demo
[content] query 90/100: site:linkedin.com/posts utilities enterprise
[content] query 100/100: site:linkedin.com/posts utilities rag
[content] campaign job complete: million-corpus-searxng-ultrabroad-044 stored 0 total 509/1000000
[content] campaign job 45/122: million-corpus-searxng-ultrabroad-045 (100 queries)
[content] query 1/100: site:linkedin.com/posts utilities orchestration
[content] query 2/100: site:linkedin.com/posts utilities observability
[content] query 3/100: site:linkedin.com/posts utilities security
[content] query 10/100: site:linkedin.com/posts utilities devops
[content] query 20/100: site:linkedin.com/posts utilities user research
[content] query 30/100: site:linkedin.com/posts utilities positioning
[content] query 40/100: site:linkedin.com/posts utilities enablement
[content] query 50/100: site:linkedin.com/posts utilities management
[content] query 60/100: site:linkedin.com/posts utilities demo
[content] query 70/100: site:linkedin.com/posts agritech enterprise
[content] query 80/100: site:linkedin.com/posts agritech rag
[content] query 90/100: site:linkedin.com/posts agritech devops
[content] query 100/100: site:linkedin.com/posts agritech user research
[content] campaign job complete: million-corpus-searxng-ultrabroad-045 stored 0 total 509/1000000
[content] campaign job 46/122: million-corpus-searxng-ultrabroad-046 (100 queries)
[content] query 1/100: site:linkedin.com/posts agritech onboarding
[content] query 2/100: site:linkedin.com/posts agritech retention
[content] query 3/100: site:linkedin.com/posts agritech churn
[content] query 10/100: site:linkedin.com/posts agritech positioning
[content] query 20/100: site:linkedin.com/posts agritech enablement
[content] query 30/100: site:linkedin.com/posts agritech management
[content] query 40/100: site:linkedin.com/posts agritech demo
[content] query 50/100: site:linkedin.com/posts mobility enterprise
[content] query 60/100: site:linkedin.com/posts mobility rag
[content] query 70/100: site:linkedin.com/posts mobility devops
[content] query 80/100: site:linkedin.com/posts mobility user research
[content] query 90/100: site:linkedin.com/posts mobility positioning
[content] query 100/100: site:linkedin.com/posts mobility enablement
[content] campaign job complete: million-corpus-searxng-ultrabroad-046 stored 0 total 509/1000000
[content] campaign job 47/122: million-corpus-searxng-ultrabroad-047 (100 queries)
[content] query 1/100: site:linkedin.com/posts mobility outbound[content] query 2/100: site:linkedin.com/posts mobility inbound

[content] query 3/100: site:linkedin.com/posts mobility lead gen
[content] query 10/100: site:linkedin.com/posts mobility management
[content] query 20/100: site:linkedin.com/posts mobility demo
[content] query 30/100: site:linkedin.com/posts automotive enterprise
[content] query 40/100: site:linkedin.com/posts automotive rag
[content] query 50/100: site:linkedin.com/posts automotive devops
[content] query 60/100: site:linkedin.com/posts automotive user research
[content] query 70/100: site:linkedin.com/posts automotive positioning
[content] query 80/100: site:linkedin.com/posts automotive enablement
[content] query 90/100: site:linkedin.com/posts automotive management
[content] query 100/100: site:linkedin.com/posts automotive demo
[content] campaign job complete: million-corpus-searxng-ultrabroad-047 stored 0 total 509/1000000
[content] campaign job 48/122: million-corpus-searxng-ultrabroad-048 (100 queries)
[content] query 1/100: site:linkedin.com/posts automotive gtm
[content] query 2/100: site:linkedin.com/posts automotive roi
[content] query 3/100: site:linkedin.com/posts automotive best practices
[content] query 10/100: site:linkedin.com/posts aerospace enterprise
[content] query 20/100: site:linkedin.com/posts aerospace rag
[content] query 30/100: site:linkedin.com/posts aerospace devops
[content] query 40/100: site:linkedin.com/posts aerospace user research
[content] query 50/100: site:linkedin.com/posts aerospace positioning
[content] query 60/100: site:linkedin.com/posts aerospace enablement
[content] query 70/100: site:linkedin.com/posts aerospace management
[content] query 80/100: site:linkedin.com/posts aerospace demo
[content] query 90/100: site:linkedin.com/posts defense enterprise
[content] query 100/100: site:linkedin.com/posts defense rag
[content] campaign job complete: million-corpus-searxng-ultrabroad-048 stored 0 total 509/1000000
[content] campaign job 49/122: million-corpus-searxng-ultrabroad-049 (100 queries)
[content] query 1/100: site:linkedin.com/posts defense orchestration[content] query 2/100: site:linkedin.com/posts defense observability

[content] query 3/100: site:linkedin.com/posts defense security
[content] query 10/100: site:linkedin.com/posts defense devops
[content] query 20/100: site:linkedin.com/posts defense user research
[content] query 30/100: site:linkedin.com/posts defense positioning
[content] query 40/100: site:linkedin.com/posts defense enablement
[content] query 50/100: site:linkedin.com/posts defense management
[content] query 60/100: site:linkedin.com/posts defense demo
[content] query 70/100: site:linkedin.com/posts govtech enterprise
[content] query 80/100: site:linkedin.com/posts govtech rag
[content] query 90/100: site:linkedin.com/posts govtech devops
[content] query 100/100: site:linkedin.com/posts govtech user research
[content] campaign job complete: million-corpus-searxng-ultrabroad-049 stored 0 total 509/1000000
[content] campaign job 50/122: million-corpus-searxng-ultrabroad-050 (100 queries)
[content] query 1/100: site:linkedin.com/posts govtech onboarding[content] query 2/100: site:linkedin.com/posts govtech retention

[content] query 3/100: site:linkedin.com/posts govtech churn
[content] query 10/100: site:linkedin.com/posts govtech positioning
[content] query 20/100: site:linkedin.com/posts govtech enablement
[content] query 30/100: site:linkedin.com/posts govtech management
[content] query 40/100: site:linkedin.com/posts govtech demo
[content] query 50/100: site:linkedin.com/posts edtech enterprise
[content] query 60/100: site:linkedin.com/posts edtech rag
[content] query 70/100: site:linkedin.com/posts edtech devops
[content] query 80/100: site:linkedin.com/posts edtech user research
[content] query 90/100: site:linkedin.com/posts edtech positioning
[content] query 100/100: site:linkedin.com/posts edtech enablement
[content] campaign job complete: million-corpus-searxng-ultrabroad-050 stored 0 total 509/1000000
[content] campaign job 51/122: million-corpus-searxng-ultrabroad-051 (100 queries)
[content] query 1/100: site:linkedin.com/posts edtech outbound
[content] query 2/100: site:linkedin.com/posts edtech inbound
[content] query 3/100: site:linkedin.com/posts edtech lead gen
[content] query 10/100: site:linkedin.com/posts edtech management
[content] query 20/100: site:linkedin.com/posts edtech demo
[content] query 30/100: site:linkedin.com/posts creator economy enterprise
[content] query 40/100: site:linkedin.com/posts creator economy rag
[content] query 50/100: site:linkedin.com/posts creator economy devops
[content] query 60/100: site:linkedin.com/posts creator economy user research
[content] query 70/100: site:linkedin.com/posts creator economy positioning
[content] query 80/100: site:linkedin.com/posts creator economy enablement
[content] query 90/100: site:linkedin.com/posts creator economy management
[content] query 100/100: site:linkedin.com/posts creator economy demo
[content] campaign job complete: million-corpus-searxng-ultrabroad-051 stored 0 total 509/1000000
[content] campaign job 52/122: million-corpus-searxng-ultrabroad-052 (100 queries)
[content] query 1/100: site:linkedin.com/posts creator economy gtm
[content] query 2/100: site:linkedin.com/posts creator economy roi
[content] query 3/100: site:linkedin.com/posts creator economy best practices
[content] query 10/100: site:linkedin.com/posts consumer apps enterprise
[content] query 20/100: site:linkedin.com/posts consumer apps rag
[content] query 30/100: site:linkedin.com/posts consumer apps devops
[content] query 40/100: site:linkedin.com/posts consumer apps user research
[content] query 50/100: site:linkedin.com/posts consumer apps positioning
[content] query 60/100: site:linkedin.com/posts consumer apps enablement
[content] query 70/100: site:linkedin.com/posts consumer apps management
[content] query 80/100: site:linkedin.com/posts consumer apps demo
[content] query 90/100: site:linkedin.com/posts product management enterprise
[content] query 100/100: site:linkedin.com/posts product management rag
[content] campaign job complete: million-corpus-searxng-ultrabroad-052 stored 0 total 509/1000000
[content] campaign job 53/122: million-corpus-searxng-ultrabroad-053 (100 queries)
[content] query 1/100: site:linkedin.com/posts product management orchestration
[content] query 2/100: site:linkedin.com/posts product management observability
[content] query 3/100: site:linkedin.com/posts product management security
[content] query 10/100: site:linkedin.com/posts product management devops
[content] query 20/100: site:linkedin.com/posts product management user research
[content] query 30/100: site:linkedin.com/posts product management positioning
[content] query 40/100: site:linkedin.com/posts product management enablement
[content] query 50/100: site:linkedin.com/posts product management management
[content] query 60/100: site:linkedin.com/posts product management demo
[content] query 70/100: site:linkedin.com/posts design enterprise
[content] query 80/100: site:linkedin.com/posts design rag
[content] query 90/100: site:linkedin.com/posts design devops
[content] query 100/100: site:linkedin.com/posts design user research
[content] results: 10 for site:linkedin.com/posts design devops
[content] campaign job complete: million-corpus-searxng-ultrabroad-053 stored 10 total 519/1000000
[content] campaign job 54/122: million-corpus-searxng-ultrabroad-054 (100 queries)
[content] query 1/100: site:linkedin.com/posts design onboarding
[content] query 2/100: site:linkedin.com/posts design retention
[content] query 3/100: site:linkedin.com/posts design churn
[content] query 10/100: site:linkedin.com/posts design positioning
[content] query 20/100: site:linkedin.com/posts design enablement
[content] query 30/100: site:linkedin.com/posts design management
[content] query 40/100: site:linkedin.com/posts design demo
[content] query 50/100: site:linkedin.com/posts operations enterprise
[content] query 60/100: site:linkedin.com/posts operations rag
[content] query 70/100: site:linkedin.com/posts operations devops
[content] query 80/100: site:linkedin.com/posts operations user research
[content] query 90/100: site:linkedin.com/posts operations positioning
[content] query 100/100: site:linkedin.com/posts operations enablement
[content] campaign job complete: million-corpus-searxng-ultrabroad-054 stored 0 total 519/1000000
[content] campaign job 55/122: million-corpus-searxng-ultrabroad-055 (100 queries)
[content] query 1/100: site:linkedin.com/posts operations outbound[content] query 2/100: site:linkedin.com/posts operations inbound

[content] query 3/100: site:linkedin.com/posts operations lead gen
[content] query 10/100: site:linkedin.com/posts operations management
[content] query 20/100: site:linkedin.com/posts operations demo
[content] query 30/100: site:linkedin.com/posts private equity enterprise
[content] query 40/100: site:linkedin.com/posts private equity rag
[content] query 50/100: site:linkedin.com/posts private equity devops
[content] query 60/100: site:linkedin.com/posts private equity user research
[content] query 70/100: site:linkedin.com/posts private equity positioning
[content] query 80/100: site:linkedin.com/posts private equity enablement
[content] query 90/100: site:linkedin.com/posts private equity management
[content] query 100/100: site:linkedin.com/posts private equity demo
[content] campaign job complete: million-corpus-searxng-ultrabroad-055 stored 0 total 519/1000000
[content] campaign job 56/122: million-corpus-searxng-ultrabroad-056 (100 queries)
[content] query 1/100: site:linkedin.com/posts private equity gtm
[content] query 2/100: site:linkedin.com/posts private equity roi
[content] query 3/100: site:linkedin.com/posts private equity best practices
[content] query 10/100: site:linkedin.com/posts venture capital enterprise
[content] query 20/100: site:linkedin.com/posts venture capital rag
[content] query 30/100: site:linkedin.com/posts venture capital devops
[content] query 40/100: site:linkedin.com/posts venture capital user research
[content] query 50/100: site:linkedin.com/posts venture capital positioning
[content] query 60/100: site:linkedin.com/posts venture capital enablement
[content] query 70/100: site:linkedin.com/posts venture capital management
[content] query 80/100: site:linkedin.com/posts venture capital demo
[content] query 90/100: site:linkedin.com/posts startups enterprise
[content] query 100/100: site:linkedin.com/posts startups rag
[content] campaign job complete: million-corpus-searxng-ultrabroad-056 stored 0 total 519/1000000
[content] campaign job 57/122: million-corpus-searxng-ultrabroad-057 (100 queries)
[content] query 1/100: site:linkedin.com/posts startups orchestration
[content] query 2/100: site:linkedin.com/posts startups observability
[content] query 3/100: site:linkedin.com/posts startups security
[content] query 10/100: site:linkedin.com/posts startups devops
[content] query 20/100: site:linkedin.com/posts startups user research
[content] query 30/100: site:linkedin.com/posts startups positioning
[content] query 40/100: site:linkedin.com/posts startups enablement
[content] query 50/100: site:linkedin.com/posts startups management
[content] query 60/100: site:linkedin.com/posts startups demo
[content] query 70/100: site:linkedin.com/posts robotics enterprise
[content] query 80/100: site:linkedin.com/posts robotics rag
[content] query 90/100: site:linkedin.com/posts robotics devops
[content] query 100/100: site:linkedin.com/posts robotics user research
[content] campaign job complete: million-corpus-searxng-ultrabroad-057 stored 0 total 519/1000000
[content] campaign job 58/122: million-corpus-searxng-ultrabroad-058 (100 queries)
[content] query 1/100: site:linkedin.com/posts robotics onboarding
[content] query 2/100: site:linkedin.com/posts robotics retention
[content] query 3/100: site:linkedin.com/posts robotics churn
[content] query 10/100: site:linkedin.com/posts robotics positioning
[content] query 20/100: site:linkedin.com/posts robotics enablement
[content] query 30/100: site:linkedin.com/posts robotics management
[content] query 40/100: site:linkedin.com/posts robotics demo
[content] query 50/100: site:linkedin.com/posts semiconductors enterprise
[content] query 60/100: site:linkedin.com/posts semiconductors rag
[content] query 70/100: site:linkedin.com/posts semiconductors devops
[content] query 80/100: site:linkedin.com/posts semiconductors user research
[content] query 90/100: site:linkedin.com/posts semiconductors positioning
[content] query 100/100: site:linkedin.com/posts semiconductors enablement
[content] campaign job complete: million-corpus-searxng-ultrabroad-058 stored 0 total 519/1000000
[content] campaign job 59/122: million-corpus-searxng-ultrabroad-059 (100 queries)
[content] query 1/100: site:linkedin.com/posts semiconductors outbound[content] query 2/100: site:linkedin.com/posts semiconductors inbound

[content] query 3/100: site:linkedin.com/posts semiconductors lead gen
[content] query 10/100: site:linkedin.com/posts semiconductors management
[content] query 20/100: site:linkedin.com/posts semiconductors demo
[content] query 30/100: site:linkedin.com/posts web3 enterprise
[content] query 40/100: site:linkedin.com/posts web3 rag
[content] query 50/100: site:linkedin.com/posts web3 devops
[content] query 60/100: site:linkedin.com/posts web3 user research
[content] query 70/100: site:linkedin.com/posts web3 positioning
[content] query 80/100: site:linkedin.com/posts web3 enablement
[content] query 90/100: site:linkedin.com/posts web3 management
[content] query 100/100: site:linkedin.com/posts web3 demo
[content] campaign job complete: million-corpus-searxng-ultrabroad-059 stored 0 total 519/1000000
[content] campaign job 60/122: million-corpus-searxng-ultrabroad-060 (100 queries)
[content] query 1/100: site:linkedin.com/posts web3 gtm
[content] query 2/100: site:linkedin.com/posts web3 roi
[content] query 3/100: site:linkedin.com/posts web3 best practices
[content] query 10/100: site:linkedin.com/posts crypto enterprise
[content] query 20/100: site:linkedin.com/posts crypto rag
[content] query 30/100: site:linkedin.com/posts crypto devops
[content] query 40/100: site:linkedin.com/posts crypto user research
[content] query 50/100: site:linkedin.com/posts crypto positioning
[content] query 60/100: site:linkedin.com/posts crypto enablement
[content] query 70/100: site:linkedin.com/posts crypto management
[content] query 80/100: site:linkedin.com/posts crypto demo
[content] query 90/100: site:linkedin.com/posts blockchain enterprise
[content] query 100/100: site:linkedin.com/posts blockchain rag
[content] campaign job complete: million-corpus-searxng-ultrabroad-060 stored 0 total 519/1000000
[content] campaign job 61/122: million-corpus-searxng-ultrabroad-061 (100 queries)
[content] query 1/100: site:linkedin.com/posts blockchain orchestration
[content] query 2/100: site:linkedin.com/posts blockchain observability
[content] query 3/100: site:linkedin.com/posts blockchain security
[content] query 10/100: site:linkedin.com/posts blockchain devops
[content] query 20/100: site:linkedin.com/posts blockchain user research
[content] query 30/100: site:linkedin.com/posts blockchain positioning
[content] query 40/100: site:linkedin.com/posts blockchain enablement
[content] query 50/100: site:linkedin.com/posts blockchain management
[content] query 60/100: site:linkedin.com/posts blockchain demo
[content] query 70/100: site:linkedin.com/feed/update data
[content] query 80/100: site:linkedin.com/feed/update payments
[content] query 90/100: site:linkedin.com/feed/update martech
[content] query 100/100: site:linkedin.com/feed/update supply chain
[content] campaign job complete: million-corpus-searxng-ultrabroad-061 stored 0 total 519/1000000
[content] campaign job 62/122: million-corpus-searxng-ultrabroad-062 (100 queries)
[content] query 1/100: site:linkedin.com/feed/update manufacturing
[content] query 2/100: site:linkedin.com/feed/update industrials
[content] query 3/100: site:linkedin.com/feed/update construction
[content] query 10/100: site:linkedin.com/feed/update media
[content] query 20/100: site:linkedin.com/feed/update utilities
[content] query 30/100: site:linkedin.com/feed/update product management
[content] query 40/100: site:linkedin.com/feed/update blockchain
[content] query 50/100: site:linkedin.com/feed/update copilots
[content] query 60/100: site:linkedin.com/feed/update platform engineering
[content] query 70/100: site:linkedin.com/feed/update user research
[content] query 80/100: site:linkedin.com/feed/update positioning
[content] query 90/100: site:linkedin.com/feed/update outbound
[content] query 100/100: site:linkedin.com/feed/update benchmark
[content] campaign job complete: million-corpus-searxng-ultrabroad-062 stored 0 total 519/1000000
[content] campaign job 63/122: million-corpus-searxng-ultrabroad-063 (100 queries)
[content] query 1/100: site:linkedin.com/feed/update playbook
[content] query 2/100: site:linkedin.com/feed/update lessons
[content] query 3/100: site:linkedin.com/feed/update templates
[content] query 10/100: site:linkedin.com/feed/update implementation
[content] query 20/100: site:linkedin.com/feed/update ai operations
[content] query 30/100: site:linkedin.com/feed/update ai compliance
[content] query 40/100: site:linkedin.com/feed/update ai incident response
[content] query 50/100: site:linkedin.com/feed/update ai personalization
[content] query 60/100: site:linkedin.com/feed/update ai community
[content] query 70/100: site:linkedin.com/feed/update ai demand gen
[content] query 80/100: site:linkedin.com/feed/update ai benchmark
[content] query 90/100: site:linkedin.com/feed/update ai implementation
[content] query 100/100: site:linkedin.com/feed/update cybersecurity operations
[content] campaign job complete: million-corpus-searxng-ultrabroad-063 stored 0 total 519/1000000
[content] campaign job 64/122: million-corpus-searxng-ultrabroad-064 (100 queries)
[content] query 1/100: site:linkedin.com/feed/update cybersecurity execution
[content] query 2/100: site:linkedin.com/feed/update cybersecurity scaling
[content] query 3/100: site:linkedin.com/feed/update cybersecurity copilots
[content] query 10/100: site:linkedin.com/feed/update cybersecurity compliance
[content] query 20/100: site:linkedin.com/feed/update cybersecurity incident response
[content] query 30/100: site:linkedin.com/feed/update cybersecurity personalization
[content] query 40/100: site:linkedin.com/feed/update cybersecurity community
[content] query 50/100: site:linkedin.com/feed/update cybersecurity demand gen
[content] query 60/100: site:linkedin.com/feed/update cybersecurity benchmark
[content] query 70/100: site:linkedin.com/feed/update cybersecurity implementation
[content] query 80/100: site:linkedin.com/feed/update cloud operations
[content] query 90/100: site:linkedin.com/feed/update cloud compliance
[content] query 100/100: site:linkedin.com/feed/update cloud incident response
[content] campaign job complete: million-corpus-searxng-ultrabroad-064 stored 0 total 519/1000000
[content] campaign job 65/122: million-corpus-searxng-ultrabroad-065 (100 queries)
[content] query 1/100: site:linkedin.com/feed/update cloud cloud costs
[content] query 2/100: site:linkedin.com/feed/update cloud zero trust
[content] query 3/100: site:linkedin.com/feed/update cloud product
[content] query 10/100: site:linkedin.com/feed/update cloud personalization
[content] query 20/100: site:linkedin.com/feed/update cloud community
[content] query 30/100: site:linkedin.com/feed/update cloud demand gen
[content] query 40/100: site:linkedin.com/feed/update cloud benchmark
[content] query 50/100: site:linkedin.com/feed/update cloud implementation
[content] query 60/100: site:linkedin.com/feed/update data operations
[content] query 70/100: site:linkedin.com/feed/update data compliance
[content] query 80/100: site:linkedin.com/feed/update data incident response
[content] query 90/100: site:linkedin.com/feed/update data personalization
[content] query 100/100: site:linkedin.com/feed/update data community
[content] campaign job complete: million-corpus-searxng-ultrabroad-065 stored 0 total 519/1000000
[content] campaign job 66/122: million-corpus-searxng-ultrabroad-066 (100 queries)
[content] query 1/100: site:linkedin.com/feed/update data distribution[content] query 2/100: site:linkedin.com/feed/update data partnerships

[content] query 3/100: site:linkedin.com/feed/update data sales
[content] query 10/100: site:linkedin.com/feed/update data demand gen
[content] query 20/100: site:linkedin.com/feed/update data benchmark
[content] query 30/100: site:linkedin.com/feed/update data implementation
[content] query 40/100: site:linkedin.com/feed/update analytics operations
[content] query 50/100: site:linkedin.com/feed/update analytics compliance
[content] query 60/100: site:linkedin.com/feed/update analytics incident response
[content] query 70/100: site:linkedin.com/feed/update analytics personalization
[content] query 80/100: site:linkedin.com/feed/update analytics community
[content] query 90/100: site:linkedin.com/feed/update analytics demand gen
[content] query 100/100: site:linkedin.com/feed/update analytics benchmark
[content] campaign job complete: million-corpus-searxng-ultrabroad-066 stored 0 total 519/1000000
[content] campaign job 67/122: million-corpus-searxng-ultrabroad-067 (100 queries)
[content] query 1/100: site:linkedin.com/feed/update analytics playbook[content] query 2/100: site:linkedin.com/feed/update analytics lessons

[content] query 3/100: site:linkedin.com/feed/update analytics templates
[content] query 10/100: site:linkedin.com/feed/update analytics implementation
[content] query 20/100: site:linkedin.com/feed/update devtools operations
[content] query 30/100: site:linkedin.com/feed/update devtools compliance
[content] query 40/100: site:linkedin.com/feed/update devtools incident response
[content] query 50/100: site:linkedin.com/feed/update devtools personalization
[content] query 60/100: site:linkedin.com/feed/update devtools community
[content] query 70/100: site:linkedin.com/feed/update devtools demand gen
[content] query 80/100: site:linkedin.com/feed/update devtools benchmark
[content] query 90/100: site:linkedin.com/feed/update devtools implementation
[content] query 100/100: site:linkedin.com/feed/update infrastructure operations
[content] campaign job complete: million-corpus-searxng-ultrabroad-067 stored 0 total 519/1000000
[content] campaign job 68/122: million-corpus-searxng-ultrabroad-068 (100 queries)
[content] query 1/100: site:linkedin.com/feed/update infrastructure execution
[content] query 2/100: site:linkedin.com/feed/update infrastructure scaling
[content] query 3/100: site:linkedin.com/feed/update infrastructure copilots
[content] query 10/100: site:linkedin.com/feed/update infrastructure compliance
[content] query 20/100: site:linkedin.com/feed/update infrastructure incident response
[content] query 30/100: site:linkedin.com/feed/update infrastructure personalization
[content] query 40/100: site:linkedin.com/feed/update infrastructure community
[content] query 50/100: site:linkedin.com/feed/update infrastructure demand gen
[content] query 60/100: site:linkedin.com/feed/update infrastructure benchmark
[content] query 70/100: site:linkedin.com/feed/update infrastructure implementation
[content] query 80/100: site:linkedin.com/feed/update software operations
[content] query 90/100: site:linkedin.com/feed/update software compliance
[content] query 100/100: site:linkedin.com/feed/update software incident response
[content] campaign job complete: million-corpus-searxng-ultrabroad-068 stored 0 total 519/1000000
[content] campaign job 69/122: million-corpus-searxng-ultrabroad-069 (100 queries)
[content] query 1/100: site:linkedin.com/feed/update software cloud costs[content] query 2/100: site:linkedin.com/feed/update software zero trust

[content] query 3/100: site:linkedin.com/feed/update software product
[content] query 10/100: site:linkedin.com/feed/update software personalization
[content] query 20/100: site:linkedin.com/feed/update software community
[content] query 30/100: site:linkedin.com/feed/update software demand gen
[content] query 40/100: site:linkedin.com/feed/update software benchmark
[content] query 50/100: site:linkedin.com/feed/update software implementation
[content] query 60/100: site:linkedin.com/feed/update saas operations
[content] query 70/100: site:linkedin.com/feed/update saas compliance
[content] query 80/100: site:linkedin.com/feed/update saas incident response
[content] query 90/100: site:linkedin.com/feed/update saas personalization
[content] query 100/100: site:linkedin.com/feed/update saas community
[content] campaign job complete: million-corpus-searxng-ultrabroad-069 stored 0 total 519/1000000
[content] campaign job 70/122: million-corpus-searxng-ultrabroad-070 (100 queries)
[content] query 1/100: site:linkedin.com/feed/update saas distribution[content] query 2/100: site:linkedin.com/feed/update saas partnerships

[content] query 3/100: site:linkedin.com/feed/update saas sales
[content] query 10/100: site:linkedin.com/feed/update saas demand gen
[content] query 20/100: site:linkedin.com/feed/update saas benchmark
[content] query 30/100: site:linkedin.com/feed/update saas implementation
[content] query 40/100: site:linkedin.com/feed/update open source operations
[content] query 50/100: site:linkedin.com/feed/update open source compliance
[content] query 60/100: site:linkedin.com/feed/update open source incident response
[content] query 70/100: site:linkedin.com/feed/update open source personalization
[content] query 80/100: site:linkedin.com/feed/update open source community
[content] query 90/100: site:linkedin.com/feed/update open source demand gen
[content] query 100/100: site:linkedin.com/feed/update open source benchmark
[content] campaign job complete: million-corpus-searxng-ultrabroad-070 stored 0 total 519/1000000
[content] campaign job 71/122: million-corpus-searxng-ultrabroad-071 (100 queries)
[content] query 1/100: site:linkedin.com/feed/update open source playbook
[content] query 2/100: site:linkedin.com/feed/update open source lessons
[content] query 3/100: site:linkedin.com/feed/update open source templates
[content] query 10/100: site:linkedin.com/feed/update open source implementation
[content] query 20/100: site:linkedin.com/feed/update mlops operations
[content] query 30/100: site:linkedin.com/feed/update mlops compliance
[content] query 40/100: site:linkedin.com/feed/update mlops incident response
[content] query 50/100: site:linkedin.com/feed/update mlops personalization
[content] query 60/100: site:linkedin.com/feed/update mlops community
[content] query 70/100: site:linkedin.com/feed/update mlops demand gen
[content] query 80/100: site:linkedin.com/feed/update mlops benchmark
[content] query 90/100: site:linkedin.com/feed/update mlops implementation
[content] query 100/100: site:linkedin.com/feed/update fintech operations
[content] campaign job complete: million-corpus-searxng-ultrabroad-071 stored 0 total 519/1000000
[content] campaign job 72/122: million-corpus-searxng-ultrabroad-072 (100 queries)
[content] query 1/100: site:linkedin.com/feed/update fintech execution
[content] query 2/100: site:linkedin.com/feed/update fintech scaling
[content] query 3/100: site:linkedin.com/feed/update fintech copilots
[content] query 10/100: site:linkedin.com/feed/update fintech compliance
[content] query 20/100: site:linkedin.com/feed/update fintech incident response
[content] query 30/100: site:linkedin.com/feed/update fintech personalization
[content] query 40/100: site:linkedin.com/feed/update fintech community
[content] query 50/100: site:linkedin.com/feed/update fintech demand gen
[content] query 60/100: site:linkedin.com/feed/update fintech benchmark
[content] query 70/100: site:linkedin.com/feed/update fintech implementation
[content] query 80/100: site:linkedin.com/feed/update banking operations
[content] query 90/100: site:linkedin.com/feed/update banking compliance
[content] query 100/100: site:linkedin.com/feed/update banking incident response
[content] results: 20 for site:linkedin.com/feed/update fintech inbound
[content] campaign job complete: million-corpus-searxng-ultrabroad-072 stored 20 total 539/1000000
[content] campaign job 73/122: million-corpus-searxng-ultrabroad-073 (100 queries)
[content] query 1/100: site:linkedin.com/feed/update banking cloud costs
[content] query 2/100: site:linkedin.com/feed/update banking zero trust
[content] query 3/100: site:linkedin.com/feed/update banking product
[content] query 10/100: site:linkedin.com/feed/update banking personalization
[content] query 20/100: site:linkedin.com/feed/update banking community
[content] query 30/100: site:linkedin.com/feed/update banking demand gen
[content] query 40/100: site:linkedin.com/feed/update banking benchmark
[content] query 50/100: site:linkedin.com/feed/update banking implementation
[content] query 60/100: site:linkedin.com/feed/update payments operations
[content] query 70/100: site:linkedin.com/feed/update payments compliance
[content] query 80/100: site:linkedin.com/feed/update payments incident response
[content] query 90/100: site:linkedin.com/feed/update payments personalization
[content] query 100/100: site:linkedin.com/feed/update payments community
[content] campaign job complete: million-corpus-searxng-ultrabroad-073 stored 0 total 539/1000000
[content] campaign job 74/122: million-corpus-searxng-ultrabroad-074 (100 queries)
[content] query 1/100: site:linkedin.com/feed/update payments distribution
[content] query 2/100: site:linkedin.com/feed/update payments partnerships
[content] query 3/100: site:linkedin.com/feed/update payments sales
[content] query 10/100: site:linkedin.com/feed/update payments demand gen
[content] query 20/100: site:linkedin.com/feed/update payments benchmark
[content] query 30/100: site:linkedin.com/feed/update payments implementation
[content] query 40/100: site:linkedin.com/feed/update insurtech operations
[content] query 50/100: site:linkedin.com/feed/update insurtech compliance
[content] query 60/100: site:linkedin.com/feed/update insurtech incident response
[content] query 70/100: site:linkedin.com/feed/update insurtech personalization
[content] query 80/100: site:linkedin.com/feed/update insurtech community
[content] query 90/100: site:linkedin.com/feed/update insurtech demand gen
[content] query 100/100: site:linkedin.com/feed/update insurtech benchmark
[content] campaign job complete: million-corpus-searxng-ultrabroad-074 stored 0 total 539/1000000
[content] campaign job 75/122: million-corpus-searxng-ultrabroad-075 (100 queries)
[content] query 1/100: site:linkedin.com/feed/update insurtech playbook
[content] query 2/100: site:linkedin.com/feed/update insurtech lessons
[content] query 3/100: site:linkedin.com/feed/update insurtech templates
[content] query 10/100: site:linkedin.com/feed/update insurtech implementation
[content] query 20/100: site:linkedin.com/feed/update wealthtech operations
[content] query 30/100: site:linkedin.com/feed/update wealthtech compliance
[content] query 40/100: site:linkedin.com/feed/update wealthtech incident response
[content] query 50/100: site:linkedin.com/feed/update wealthtech personalization
[content] query 60/100: site:linkedin.com/feed/update wealthtech community
[content] query 70/100: site:linkedin.com/feed/update wealthtech demand gen
[content] query 80/100: site:linkedin.com/feed/update wealthtech benchmark
[content] query 90/100: site:linkedin.com/feed/update wealthtech implementation
[content] query 100/100: site:linkedin.com/feed/update healthcare operations
[content] campaign job complete: million-corpus-searxng-ultrabroad-075 stored 0 total 539/1000000
[content] campaign job 76/122: million-corpus-searxng-ultrabroad-076 (100 queries)
[content] query 1/100: site:linkedin.com/feed/update healthcare execution[content] query 2/100: site:linkedin.com/feed/update healthcare scaling

[content] query 3/100: site:linkedin.com/feed/update healthcare copilots
[content] query 10/100: site:linkedin.com/feed/update healthcare compliance
[content] query 20/100: site:linkedin.com/feed/update healthcare incident response
[content] query 30/100: site:linkedin.com/feed/update healthcare personalization
[content] query 40/100: site:linkedin.com/feed/update healthcare community
[content] query 50/100: site:linkedin.com/feed/update healthcare demand gen
[content] query 60/100: site:linkedin.com/feed/update healthcare benchmark
[content] query 70/100: site:linkedin.com/feed/update healthcare implementation
[content] query 80/100: site:linkedin.com/feed/update biotech operations
[content] query 90/100: site:linkedin.com/feed/update biotech compliance
[content] query 100/100: site:linkedin.com/feed/update biotech incident response
[content] campaign job complete: million-corpus-searxng-ultrabroad-076 stored 0 total 539/1000000
[content] campaign job 77/122: million-corpus-searxng-ultrabroad-077 (100 queries)
[content] query 1/100: site:linkedin.com/feed/update biotech cloud costs[content] query 2/100: site:linkedin.com/feed/update biotech zero trust

[content] query 3/100: site:linkedin.com/feed/update biotech product
[content] query 10/100: site:linkedin.com/feed/update biotech personalization
[content] query 20/100: site:linkedin.com/feed/update biotech community
[content] query 30/100: site:linkedin.com/feed/update biotech demand gen
[content] query 40/100: site:linkedin.com/feed/update biotech benchmark
[content] query 50/100: site:linkedin.com/feed/update biotech implementation
[content] query 60/100: site:linkedin.com/feed/update pharma operations
[content] query 70/100: site:linkedin.com/feed/update pharma compliance
[content] query 80/100: site:linkedin.com/feed/update pharma incident response
[content] query 90/100: site:linkedin.com/feed/update pharma personalization
[content] query 100/100: site:linkedin.com/feed/update pharma community
[content] campaign job complete: million-corpus-searxng-ultrabroad-077 stored 0 total 539/1000000
[content] campaign job 78/122: million-corpus-searxng-ultrabroad-078 (100 queries)
[content] query 1/100: site:linkedin.com/feed/update pharma distribution[content] query 2/100: site:linkedin.com/feed/update pharma partnerships

[content] query 3/100: site:linkedin.com/feed/update pharma sales
[content] query 10/100: site:linkedin.com/feed/update pharma demand gen
[content] query 20/100: site:linkedin.com/feed/update pharma benchmark
[content] query 30/100: site:linkedin.com/feed/update pharma implementation
[content] query 40/100: site:linkedin.com/feed/update medtech operations
[content] query 50/100: site:linkedin.com/feed/update medtech compliance
[content] query 60/100: site:linkedin.com/feed/update medtech incident response
[content] query 70/100: site:linkedin.com/feed/update medtech personalization
[content] query 80/100: site:linkedin.com/feed/update medtech community
[content] query 90/100: site:linkedin.com/feed/update medtech demand gen
[content] query 100/100: site:linkedin.com/feed/update medtech benchmark
[content] campaign job complete: million-corpus-searxng-ultrabroad-078 stored 0 total 539/1000000
[content] campaign job 79/122: million-corpus-searxng-ultrabroad-079 (100 queries)
[content] query 1/100: site:linkedin.com/feed/update medtech playbook
[content] query 2/100: site:linkedin.com/feed/update medtech lessons
[content] query 3/100: site:linkedin.com/feed/update medtech templates
[content] query 10/100: site:linkedin.com/feed/update medtech implementation
[content] query 20/100: site:linkedin.com/feed/update life sciences operations
[content] query 30/100: site:linkedin.com/feed/update life sciences compliance
[content] query 40/100: site:linkedin.com/feed/update life sciences incident response
[content] query 50/100: site:linkedin.com/feed/update life sciences personalization
[content] query 60/100: site:linkedin.com/feed/update life sciences community
[content] query 70/100: site:linkedin.com/feed/update life sciences demand gen
[content] query 80/100: site:linkedin.com/feed/update life sciences benchmark
[content] query 90/100: site:linkedin.com/feed/update life sciences implementation
[content] query 100/100: site:linkedin.com/feed/update sales operations
[content] campaign job complete: million-corpus-searxng-ultrabroad-079 stored 0 total 539/1000000
[content] campaign job 80/122: million-corpus-searxng-ultrabroad-080 (100 queries)
[content] query 1/100: site:linkedin.com/feed/update sales execution[content] query 2/100: site:linkedin.com/feed/update sales scaling

[content] query 3/100: site:linkedin.com/feed/update sales copilots
[content] query 10/100: site:linkedin.com/feed/update sales compliance
[content] query 20/100: site:linkedin.com/feed/update sales incident response
[content] query 30/100: site:linkedin.com/feed/update sales personalization
[content] query 40/100: site:linkedin.com/feed/update sales community
[content] query 50/100: site:linkedin.com/feed/update sales demand gen
[content] query 60/100: site:linkedin.com/feed/update sales benchmark
[content] query 70/100: site:linkedin.com/feed/update sales implementation
[content] query 80/100: site:linkedin.com/feed/update marketing operations
[content] query 90/100: site:linkedin.com/feed/update marketing compliance
[content] query 100/100: site:linkedin.com/feed/update marketing incident response
[content] campaign job complete: million-corpus-searxng-ultrabroad-080 stored 0 total 539/1000000
[content] campaign job 81/122: million-corpus-searxng-ultrabroad-081 (100 queries)
[content] query 1/100: site:linkedin.com/feed/update marketing cloud costs
[content] query 2/100: site:linkedin.com/feed/update marketing zero trust
[content] query 3/100: site:linkedin.com/feed/update marketing product
[content] query 10/100: site:linkedin.com/feed/update marketing personalization
[content] query 20/100: site:linkedin.com/feed/update marketing community
[content] query 30/100: site:linkedin.com/feed/update marketing demand gen
[content] query 40/100: site:linkedin.com/feed/update marketing benchmark
[content] query 50/100: site:linkedin.com/feed/update marketing implementation
[content] query 60/100: site:linkedin.com/feed/update martech operations
[content] query 70/100: site:linkedin.com/feed/update martech compliance
[content] query 80/100: site:linkedin.com/feed/update martech incident response
[content] query 90/100: site:linkedin.com/feed/update martech personalization
[content] query 100/100: site:linkedin.com/feed/update martech community
[content] campaign job complete: million-corpus-searxng-ultrabroad-081 stored 0 total 539/1000000
[content] campaign job 82/122: million-corpus-searxng-ultrabroad-082 (100 queries)
[content] query 1/100: site:linkedin.com/feed/update martech distribution
[content] query 2/100: site:linkedin.com/feed/update martech partnerships
[content] query 3/100: site:linkedin.com/feed/update martech sales
[content] query 10/100: site:linkedin.com/feed/update martech demand gen
[content] query 20/100: site:linkedin.com/feed/update martech benchmark
[content] query 30/100: site:linkedin.com/feed/update martech implementation
[content] query 40/100: site:linkedin.com/feed/update adtech operations
[content] query 50/100: site:linkedin.com/feed/update adtech compliance
[content] query 60/100: site:linkedin.com/feed/update adtech incident response
[content] query 70/100: site:linkedin.com/feed/update adtech personalization
[content] query 80/100: site:linkedin.com/feed/update adtech community
[content] query 90/100: site:linkedin.com/feed/update adtech demand gen
[content] query 100/100: site:linkedin.com/feed/update adtech benchmark
[content] campaign job complete: million-corpus-searxng-ultrabroad-082 stored 0 total 539/1000000
[content] campaign job 83/122: million-corpus-searxng-ultrabroad-083 (100 queries)
[content] query 1/100: site:linkedin.com/feed/update adtech playbook
[content] query 2/100: site:linkedin.com/feed/update adtech lessons
[content] query 3/100: site:linkedin.com/feed/update adtech templates
[content] query 10/100: site:linkedin.com/feed/update adtech implementation
[content] query 20/100: site:linkedin.com/feed/update revops operations
[content] query 30/100: site:linkedin.com/feed/update revops compliance
[content] query 40/100: site:linkedin.com/feed/update revops incident response
[content] query 50/100: site:linkedin.com/feed/update revops personalization
[content] query 60/100: site:linkedin.com/feed/update revops community
[content] query 70/100: site:linkedin.com/feed/update revops demand gen
[content] query 80/100: site:linkedin.com/feed/update revops benchmark
[content] query 90/100: site:linkedin.com/feed/update revops implementation
[content] query 100/100: site:linkedin.com/feed/update customer success operations
[content] campaign job complete: million-corpus-searxng-ultrabroad-083 stored 0 total 539/1000000
[content] campaign job 84/122: million-corpus-searxng-ultrabroad-084 (100 queries)
[content] query 1/100: site:linkedin.com/feed/update customer success execution
[content] query 2/100: site:linkedin.com/feed/update customer success scaling
[content] query 3/100: site:linkedin.com/feed/update customer success copilots
[content] query 10/100: site:linkedin.com/feed/update customer success compliance
[content] query 20/100: site:linkedin.com/feed/update customer success incident response
